[2023-07-06 09:17:43] [WARNING]: 警告: 未配置签名服务器, 这可能会导致登录 45 错误码或发送消息被风控 
[2023-07-06 09:17:43] [WARNING]: Protocol -> device lock is disable. http api may fail. 
[2023-07-06 09:19:38] [WARNING]: 警告: 未配置签名服务器, 这可能会导致登录 45 错误码或发送消息被风控 
[2023-07-06 09:19:39] [WARNING]: Protocol -> device lock is disable. http api may fail. 
[2023-07-06 09:21:59] [WARNING]: 警告: 未配置签名服务器, 这可能会导致登录 45 错误码或发送消息被风控 
[2023-07-06 09:21:59] [WARNING]: Protocol -> device lock is disable. http api may fail. 
[2023-07-06 09:26:16] [WARNING]: 警告: 未配置签名服务器, 这可能会导致登录 45 错误码或发送消息被风控 
[2023-07-06 09:26:22] [WARNING]: Protocol -> device lock is disable. http api may fail. 
[2023-07-06 09:30:14] [WARNING]: 警告: 未配置签名服务器, 这可能会导致登录 45 错误码或发送消息被风控 
[2023-07-06 09:30:20] [WARNING]: Protocol -> device lock is disable. http api may fail. 
[2023-07-06 09:34:02] [WARNING]: 警告: 未配置签名服务器, 这可能会导致登录 45 错误码或发送消息被风控 
[2023-07-06 09:34:02] [WARNING]: Protocol -> device lock is disable. http api may fail. 
[2023-07-06 09:35:56] [WARNING]: 警告: 未配置签名服务器, 这可能会导致登录 45 错误码或发送消息被风控 
[2023-07-06 09:36:01] [WARNING]: Protocol -> device lock is disable. http api may fail. 
[2023-07-06 09:44:37] [WARNING]: 警告: 未配置签名服务器, 这可能会导致登录 45 错误码或发送消息被风控 
[2023-07-06 09:44:38] [WARNING]: Protocol -> device lock is disable. http api may fail. 
[2023-07-06 09:51:00] [WARNING]: 警告: 未配置签名服务器, 这可能会导致登录 45 错误码或发送消息被风控 
[2023-07-06 09:51:05] [WARNING]: Protocol -> device lock is disable. http api may fail. 
[2023-07-06 10:00:27] [WARNING]: 警告: 未配置签名服务器, 这可能会导致登录 45 错误码或发送消息被风控 
[2023-07-06 10:00:27] [WARNING]: Protocol -> device lock is disable. http api may fail. 
[2023-07-06 10:03:58] [WARNING]: 警告: 未配置签名服务器, 这可能会导致登录 45 错误码或发送消息被风控 
[2023-07-06 10:03:58] [WARNING]: Protocol -> device lock is disable. http api may fail. 
[2023-07-06 10:06:49] [WARNING]: 警告: 未配置签名服务器, 这可能会导致登录 45 错误码或发送消息被风控 
[2023-07-06 10:06:49] [WARNING]: Protocol -> device lock is disable. http api may fail. 
[2023-07-06 10:10:02] [WARNING]: 警告: 未配置签名服务器, 这可能会导致登录 45 错误码或发送消息被风控 
[2023-07-06 10:10:02] [WARNING]: Protocol -> device lock is disable. http api may fail. 
[2023-07-06 10:12:06] [WARNING]: 警告: 未配置签名服务器, 这可能会导致登录 45 错误码或发送消息被风控 
[2023-07-06 10:12:07] [WARNING]: Protocol -> device lock is disable. http api may fail. 
[2023-07-06 10:15:40] [WARNING]: 警告: 未配置签名服务器, 这可能会导致登录 45 错误码或发送消息被风控 
[2023-07-06 10:15:41] [WARNING]: Protocol -> device lock is disable. http api may fail. 
[2023-07-06 10:16:47] [WARNING]: 警告: 未配置签名服务器, 这可能会导致登录 45 错误码或发送消息被风控 
[2023-07-06 10:16:48] [WARNING]: Protocol -> device lock is disable. http api may fail. 
[2023-07-06 10:27:45] [WARNING]: 警告: 未配置签名服务器, 这可能会导致登录 45 错误码或发送消息被风控 
[2023-07-06 10:27:45] [WARNING]: Protocol -> device lock is disable. http api may fail. 
[2023-07-06 10:37:16] [WARNING]: 警告: 未配置签名服务器, 这可能会导致登录 45 错误码或发送消息被风控 
[2023-07-06 10:37:17] [WARNING]: Protocol -> device lock is disable. http api may fail. 
[2023-07-06 10:38:20] [WARNING]: 警告: 未配置签名服务器, 这可能会导致登录 45 错误码或发送消息被风控 
[2023-07-06 10:38:26] [WARNING]: Protocol -> device lock is disable. http api may fail. 
[2023-07-06 10:43:45] [WARNING]: 警告: 未配置签名服务器, 这可能会导致登录 45 错误码或发送消息被风控 
[2023-07-06 10:43:46] [WARNING]: Protocol -> device lock is disable. http api may fail. 
[2023-07-06 10:53:34] [WARNING]: 警告: 未配置签名服务器, 这可能会导致登录 45 错误码或发送消息被风控 
[2023-07-06 10:53:35] [WARNING]: Protocol -> device lock is disable. http api may fail. 
[2023-07-06 10:55:39] [WARNING]: 警告: 未配置签名服务器, 这可能会导致登录 45 错误码或发送消息被风控 
[2023-07-06 10:55:44] [WARNING]: Protocol -> device lock is disable. http api may fail. 
[2023-07-06 10:56:55] [WARNING]: 警告: 未配置签名服务器, 这可能会导致登录 45 错误码或发送消息被风控 
[2023-07-06 10:56:55] [WARNING]: Protocol -> device lock is disable. http api may fail. 
[2023-07-06 10:58:27] [WARNING]: 警告: 未配置签名服务器, 这可能会导致登录 45 错误码或发送消息被风控 
[2023-07-06 10:58:27] [WARNING]: Protocol -> device lock is disable. http api may fail. 
[2023-07-06 11:01:02] [WARNING]: 警告: 未配置签名服务器, 这可能会导致登录 45 错误码或发送消息被风控 
[2023-07-06 11:01:03] [WARNING]: Protocol -> device lock is disable. http api may fail. 
[2023-07-06 11:01:23] [WARNING]: 警告: 未配置签名服务器, 这可能会导致登录 45 错误码或发送消息被风控 
[2023-07-06 11:02:25] [WARNING]: 警告: 未配置签名服务器, 这可能会导致登录 45 错误码或发送消息被风控 
[2023-07-06 11:02:25] [WARNING]: Protocol -> device lock is disable. http api may fail. 
[2023-07-06 11:05:46] [WARNING]: 警告: 未配置签名服务器, 这可能会导致登录 45 错误码或发送消息被风控 
[2023-07-06 11:05:52] [WARNING]: Protocol -> device lock is disable. http api may fail. 
[2023-07-06 11:07:14] [WARNING]: 警告: 未配置签名服务器, 这可能会导致登录 45 错误码或发送消息被风控 
[2023-07-06 11:07:19] [WARNING]: Protocol -> device lock is disable. http api may fail. 
[2023-07-06 11:08:02] [WARNING]: 警告: 未配置签名服务器, 这可能会导致登录 45 错误码或发送消息被风控 
[2023-07-06 11:08:03] [WARNING]: Protocol -> device lock is disable. http api may fail. 
[2023-07-06 11:08:37] [WARNING]: 警告: 未配置签名服务器, 这可能会导致登录 45 错误码或发送消息被风控 
[2023-07-06 11:08:43] [WARNING]: Protocol -> device lock is disable. http api may fail. 
[2023-07-06 11:09:05] [WARNING]: 警告: 未配置签名服务器, 这可能会导致登录 45 错误码或发送消息被风控 
[2023-07-06 11:09:06] [WARNING]: Protocol -> device lock is disable. http api may fail. 
[2023-07-06 11:09:15] [WARNING]: 警告: 未配置签名服务器, 这可能会导致登录 45 错误码或发送消息被风控 
[2023-07-06 11:09:15] [WARNING]: Protocol -> device lock is disable. http api may fail. 
[2023-07-06 11:14:53] [WARNING]: 警告: 未配置签名服务器, 这可能会导致登录 45 错误码或发送消息被风控 
[2023-07-06 11:14:53] [WARNING]: Protocol -> device lock is disable. http api may fail. 
[2023-07-06 11:16:04] [WARNING]: 警告: 未配置签名服务器, 这可能会导致登录 45 错误码或发送消息被风控 
[2023-07-06 11:16:09] [WARNING]: Protocol -> device lock is disable. http api may fail. 
[2023-07-06 11:18:49] [WARNING]: 警告: 未配置签名服务器, 这可能会导致登录 45 错误码或发送消息被风控 
[2023-07-06 11:18:49] [WARNING]: Protocol -> device lock is disable. http api may fail. 
[2023-07-06 11:24:42] [WARNING]: 警告: 未配置签名服务器, 这可能会导致登录 45 错误码或发送消息被风控 
[2023-07-06 11:24:42] [WARNING]: Protocol -> device lock is disable. http api may fail. 
[2023-07-06 11:26:11] [WARNING]: 警告: 未配置签名服务器, 这可能会导致登录 45 错误码或发送消息被风控 
[2023-07-06 11:26:16] [WARNING]: Protocol -> device lock is disable. http api may fail. 
[2023-07-06 11:28:22] [WARNING]: 警告: 未配置签名服务器, 这可能会导致登录 45 错误码或发送消息被风控 
[2023-07-06 11:28:27] [WARNING]: Protocol -> device lock is disable. http api may fail. 
[2023-07-06 11:28:59] [WARNING]: 警告: 未配置签名服务器, 这可能会导致登录 45 错误码或发送消息被风控 
[2023-07-06 11:29:00] [WARNING]: Protocol -> device lock is disable. http api may fail. 
[2023-07-06 11:35:50] [WARNING]: 警告: 未配置签名服务器, 这可能会导致登录 45 错误码或发送消息被风控 
[2023-07-06 11:35:51] [WARNING]: Protocol -> device lock is disable. http api may fail. 
[2023-07-06 11:36:13] [WARNING]: 警告: 未配置签名服务器, 这可能会导致登录 45 错误码或发送消息被风控 
[2023-07-06 11:36:35] [WARNING]: 警告: 未配置签名服务器, 这可能会导致登录 45 错误码或发送消息被风控 
[2023-07-06 11:36:35] [WARNING]: Protocol -> device lock is disable. http api may fail. 
[2023-07-06 11:37:59] [WARNING]: 警告: 未配置签名服务器, 这可能会导致登录 45 错误码或发送消息被风控 
[2023-07-06 11:37:59] [WARNING]: Protocol -> device lock is disable. http api may fail. 
[2023-07-06 11:39:44] [WARNING]: 警告: 未配置签名服务器, 这可能会导致登录 45 错误码或发送消息被风控 
[2023-07-06 11:39:50] [WARNING]: Protocol -> device lock is disable. http api may fail. 
[2023-07-06 11:41:39] [WARNING]: 警告: 未配置签名服务器, 这可能会导致登录 45 错误码或发送消息被风控 
[2023-07-06 11:41:39] [WARNING]: Protocol -> device lock is disable. http api may fail. 
[2023-07-06 11:42:56] [WARNING]: 警告: 未配置签名服务器, 这可能会导致登录 45 错误码或发送消息被风控 
[2023-07-06 11:43:01] [WARNING]: Protocol -> device lock is disable. http api may fail. 
[2023-07-06 11:48:06] [WARNING]: 警告: 未配置签名服务器, 这可能会导致登录 45 错误码或发送消息被风控 
[2023-07-06 11:48:07] [WARNING]: Protocol -> device lock is disable. http api may fail. 
[2023-07-06 11:57:17] [WARNING]: 警告: 未配置签名服务器, 这可能会导致登录 45 错误码或发送消息被风控 
[2023-07-06 11:57:22] [WARNING]: Protocol -> device lock is disable. http api may fail. 
[2023-07-06 12:00:52] [WARNING]: 警告: 未配置签名服务器, 这可能会导致登录 45 错误码或发送消息被风控 
[2023-07-06 12:00:53] [WARNING]: Protocol -> device lock is disable. http api may fail. 
[2023-07-06 12:10:31] [WARNING]: 警告: 未配置签名服务器, 这可能会导致登录 45 错误码或发送消息被风控 
[2023-07-06 12:10:32] [WARNING]: Protocol -> device lock is disable. http api may fail. 
[2023-07-06 12:12:10] [WARNING]: 警告: 未配置签名服务器, 这可能会导致登录 45 错误码或发送消息被风控 
[2023-07-06 12:12:10] [WARNING]: Protocol -> device lock is disable. http api may fail. 
[2023-07-06 14:34:11] [WARNING]: 警告: 未配置签名服务器, 这可能会导致登录 45 错误码或发送消息被风控 
[2023-07-06 14:34:12] [WARNING]: Protocol -> device lock is disable. http api may fail. 
[2023-07-06 14:37:03] [WARNING]: 警告: 未配置签名服务器, 这可能会导致登录 45 错误码或发送消息被风控 
[2023-07-06 14:37:03] [WARNING]: Protocol -> device lock is disable. http api may fail. 
[2023-07-06 14:38:01] [WARNING]: 警告: 未配置签名服务器, 这可能会导致登录 45 错误码或发送消息被风控 
[2023-07-06 14:38:01] [WARNING]: Protocol -> device lock is disable. http api may fail. 
[2023-07-06 14:39:16] [WARNING]: 警告: 未配置签名服务器, 这可能会导致登录 45 错误码或发送消息被风控 
[2023-07-06 14:39:17] [WARNING]: Protocol -> device lock is disable. http api may fail. 
[2023-07-06 14:41:03] [WARNING]: 警告: 未配置签名服务器, 这可能会导致登录 45 错误码或发送消息被风控 
[2023-07-06 14:41:09] [WARNING]: Protocol -> device lock is disable. http api may fail. 
[2023-07-06 14:51:15] [WARNING]: 警告: 未配置签名服务器, 这可能会导致登录 45 错误码或发送消息被风控 
[2023-07-06 14:51:15] [WARNING]: Protocol -> device lock is disable. http api may fail. 
[2023-07-06 14:55:28] [WARNING]: 警告: 未配置签名服务器, 这可能会导致登录 45 错误码或发送消息被风控 
[2023-07-06 14:55:29] [WARNING]: Protocol -> device lock is disable. http api may fail. 
[2023-07-06 14:55:46] [WARNING]: 转换消息 [CQ:image,file=file:///https://s.mj.run/GnUqiw7cPBk,type=,cache=true,proxy=true,timeout=] 到MiraiGo Element时出现错误: file not found. 
[2023-07-06 15:00:36] [WARNING]: 警告: 未配置签名服务器, 这可能会导致登录 45 错误码或发送消息被风控 
[2023-07-06 15:00:36] [WARNING]: Protocol -> device lock is disable. http api may fail. 
[2023-07-06 15:02:26] [WARNING]: 警告: 未配置签名服务器, 这可能会导致登录 45 错误码或发送消息被风控 
[2023-07-06 15:02:26] [WARNING]: Protocol -> device lock is disable. http api may fail. 
[2023-07-06 15:03:42] [WARNING]: 警告: 未配置签名服务器, 这可能会导致登录 45 错误码或发送消息被风控 
[2023-07-06 15:03:42] [WARNING]: Protocol -> device lock is disable. http api may fail. 
[2023-07-06 15:04:36] [WARNING]: 警告: 未配置签名服务器, 这可能会导致登录 45 错误码或发送消息被风控 
[2023-07-06 15:04:36] [WARNING]: Protocol -> device lock is disable. http api may fail. 
[2023-07-06 15:05:46] [WARNING]: 警告: 未配置签名服务器, 这可能会导致登录 45 错误码或发送消息被风控 
[2023-07-06 15:05:47] [WARNING]: Protocol -> device lock is disable. http api may fail. 
[2023-07-06 15:08:14] [WARNING]: 警告: 未配置签名服务器, 这可能会导致登录 45 错误码或发送消息被风控 
[2023-07-06 15:08:14] [WARNING]: Protocol -> device lock is disable. http api may fail. 
[2023-07-06 15:09:24] [WARNING]: 警告: 未配置签名服务器, 这可能会导致登录 45 错误码或发送消息被风控 
[2023-07-06 15:09:25] [WARNING]: Protocol -> device lock is disable. http api may fail. 
[2023-07-06 15:15:29] [WARNING]: 警告: 未配置签名服务器, 这可能会导致登录 45 错误码或发送消息被风控 
[2023-07-06 15:15:35] [WARNING]: Protocol -> device lock is disable. http api may fail. 
[2023-07-06 15:16:58] [WARNING]: 警告: 未配置签名服务器, 这可能会导致登录 45 错误码或发送消息被风控 
[2023-07-06 15:16:58] [WARNING]: Protocol -> device lock is disable. http api may fail. 
[2023-07-06 15:17:09] [WARNING]: 警告: 未配置签名服务器, 这可能会导致登录 45 错误码或发送消息被风控 
[2023-07-06 15:17:25] [WARNING]: 警告: 未配置签名服务器, 这可能会导致登录 45 错误码或发送消息被风控 
[2023-07-06 15:17:26] [WARNING]: Protocol -> device lock is disable. http api may fail. 
[2023-07-06 15:33:03] [WARNING]: 警告: 未配置签名服务器, 这可能会导致登录 45 错误码或发送消息被风控 
[2023-07-06 15:33:08] [WARNING]: Protocol -> device lock is disable. http api may fail. 
[2023-07-06 15:34:25] [WARNING]: 警告: 未配置签名服务器, 这可能会导致登录 45 错误码或发送消息被风控 
[2023-07-06 15:34:26] [WARNING]: Protocol -> device lock is disable. http api may fail. 
[2023-07-06 15:40:16] [WARNING]: 警告: 未配置签名服务器, 这可能会导致登录 45 错误码或发送消息被风控 
[2023-07-06 15:40:16] [WARNING]: Protocol -> device lock is disable. http api may fail. 
[2023-07-06 15:41:26] [WARNING]: 警告: 未配置签名服务器, 这可能会导致登录 45 错误码或发送消息被风控 
[2023-07-06 15:41:26] [WARNING]: Protocol -> device lock is disable. http api may fail. 
[2023-07-06 15:46:16] [WARNING]: 警告: 未配置签名服务器, 这可能会导致登录 45 错误码或发送消息被风控 
[2023-07-06 15:46:17] [WARNING]: Protocol -> device lock is disable. http api may fail. 
[2023-07-06 15:53:55] [WARNING]: 警告: 未配置签名服务器, 这可能会导致登录 45 错误码或发送消息被风控 
[2023-07-06 15:54:27] [WARNING]: 警告: 未配置签名服务器, 这可能会导致登录 45 错误码或发送消息被风控 
[2023-07-06 15:54:27] [WARNING]: Protocol -> device lock is disable. http api may fail. 
[2023-07-06 15:55:38] [WARNING]: 警告: 未配置签名服务器, 这可能会导致登录 45 错误码或发送消息被风控 
[2023-07-06 15:55:39] [WARNING]: Protocol -> device lock is disable. http api may fail. 
[2023-07-06 16:05:32] [WARNING]: 警告: 未配置签名服务器, 这可能会导致登录 45 错误码或发送消息被风控 
[2023-07-06 16:05:37] [WARNING]: Protocol -> device lock is disable. http api may fail. 
[2023-07-06 16:16:35] [WARNING]: 警告: 未配置签名服务器, 这可能会导致登录 45 错误码或发送消息被风控 
[2023-07-06 16:16:35] [WARNING]: Protocol -> device lock is disable. http api may fail. 
[2023-07-06 16:18:13] [WARNING]: 警告: 未配置签名服务器, 这可能会导致登录 45 错误码或发送消息被风控 
[2023-07-06 16:18:13] [WARNING]: Protocol -> device lock is disable. http api may fail. 
[2023-07-06 16:20:17] [WARNING]: 警告: 未配置签名服务器, 这可能会导致登录 45 错误码或发送消息被风控 
[2023-07-06 16:20:17] [WARNING]: Protocol -> device lock is disable. http api may fail. 
[2023-07-06 16:21:56] [WARNING]: 警告: 未配置签名服务器, 这可能会导致登录 45 错误码或发送消息被风控 
[2023-07-06 16:21:57] [WARNING]: Protocol -> device lock is disable. http api may fail. 
[2023-07-06 16:23:12] [WARNING]: 警告: 未配置签名服务器, 这可能会导致登录 45 错误码或发送消息被风控 
[2023-07-06 16:23:12] [WARNING]: Protocol -> device lock is disable. http api may fail. 
[2023-07-06 16:25:10] [FATAL]: open cache image db failed: Access is denied. 
[2023-07-06 16:25:13] [WARNING]: 警告: 未配置签名服务器, 这可能会导致登录 45 错误码或发送消息被风控 
[2023-07-06 16:25:19] [WARNING]: Protocol -> device lock is disable. http api may fail. 
[2023-07-06 16:27:05] [WARNING]: 警告: 未配置签名服务器, 这可能会导致登录 45 错误码或发送消息被风控 
[2023-07-06 16:27:06] [WARNING]: Protocol -> device lock is disable. http api may fail. 
[2023-07-06 16:33:08] [WARNING]: 警告: 未配置签名服务器, 这可能会导致登录 45 错误码或发送消息被风控 
[2023-07-06 16:33:13] [WARNING]: Protocol -> device lock is disable. http api may fail. 
[2023-07-06 16:40:20] [WARNING]: 警告: 未配置签名服务器, 这可能会导致登录 45 错误码或发送消息被风控 
[2023-07-06 16:40:20] [WARNING]: Protocol -> device lock is disable. http api may fail. 
[2023-07-06 17:20:49] [WARNING]: 警告: 未配置签名服务器, 这可能会导致登录 45 错误码或发送消息被风控 
[2023-07-06 17:20:49] [WARNING]: Protocol -> device lock is disable. http api may fail. 
[2023-07-06 17:22:07] [WARNING]: 警告: 未配置签名服务器, 这可能会导致登录 45 错误码或发送消息被风控 
[2023-07-06 17:22:13] [WARNING]: Protocol -> device lock is disable. http api may fail. 
[2023-07-06 17:23:18] [WARNING]: 警告: 未配置签名服务器, 这可能会导致登录 45 错误码或发送消息被风控 
[2023-07-06 17:23:18] [WARNING]: 恢复会话失败: tlv: message too short , 尝试使用正常流程登录. 
[2023-07-06 17:24:42] [WARNING]: Protocol -> device lock is disable. http api may fail. 
[2023-07-06 17:25:33] [WARNING]: 警告: 未配置签名服务器, 这可能会导致登录 45 错误码或发送消息被风控 
[2023-07-06 17:25:33] [WARNING]: Protocol -> device lock is disable. http api may fail. 
[2023-07-06 17:27:38] [WARNING]: 警告: 未配置签名服务器, 这可能会导致登录 45 错误码或发送消息被风控 
[2023-07-06 17:27:39] [WARNING]: Protocol -> device lock is disable. http api may fail. 
[2023-07-06 17:33:01] [WARNING]: 警告: 未配置签名服务器, 这可能会导致登录 45 错误码或发送消息被风控 
[2023-07-06 17:33:01] [WARNING]: Protocol -> device lock is disable. http api may fail. 
[2023-07-06 17:35:07] [WARNING]: 警告: 未配置签名服务器, 这可能会导致登录 45 错误码或发送消息被风控 
[2023-07-06 17:35:08] [WARNING]: Protocol -> device lock is disable. http api may fail. 
[2023-07-06 17:40:01] [WARNING]: 警告: 未配置签名服务器, 这可能会导致登录 45 错误码或发送消息被风控 
[2023-07-06 17:40:01] [WARNING]: Protocol -> device lock is disable. http api may fail. 
[2023-07-06 17:42:35] [WARNING]: 警告: 未配置签名服务器, 这可能会导致登录 45 错误码或发送消息被风控 
[2023-07-06 17:42:40] [WARNING]: Protocol -> device lock is disable. http api may fail. 
